<?xml version="1.0" encoding="UTF-8"?>
<!-- Generated by org.testng.reporters.JUnitXMLReporter -->
<testsuite hostname="DESKTOP-92K82T3" ignored="0" name="Default test" tests="3" failures="0" timestamp="2020-08-02T15:07:24 BDT" time="51.307" errors="0">
  <testcase name="ClickVideoContent" time="9.687" classname="pagefactory.com.bongobd.TestVideo"/>
  <testcase name="LoadContent" time="0.076" classname="pagefactory.com.bongobd.TestVideo"/>
  <testcase name="PlayVideoContent" time="29.949" classname="pagefactory.com.bongobd.TestVideo"/>
</testsuite> <!-- Default test -->
