<?xml version="1.0" encoding="UTF-8"?>
<testng-results skipped="0" failed="0" ignored="0" total="3" passed="3">
  <reporter-output>
  </reporter-output>
  <suite name="Default suite" duration-ms="51307" started-at="2020-08-02T15:06:32 BDT" finished-at="2020-08-02T15:07:24 BDT">
    <groups>
    </groups>
    <test name="Default test" duration-ms="51307" started-at="2020-08-02T15:06:32 BDT" finished-at="2020-08-02T15:07:24 BDT">
      <class name="pagefactory.com.bongobd.TestVideo">
        <test-method status="PASS" signature="BeforeTest()[pri:0, instance:pagefactory.com.bongobd.TestVideo@14028087]" name="BeforeTest" is-config="true" duration-ms="7340" started-at="2020-08-02T15:06:32 BDT" finished-at="2020-08-02T15:06:40 BDT">
          <reporter-output>
          </reporter-output>
        </test-method> <!-- BeforeTest -->
        <test-method status="PASS" signature="ClickVideoContent()[pri:1, instance:pagefactory.com.bongobd.TestVideo@14028087]" name="ClickVideoContent" duration-ms="9687" started-at="2020-08-02T15:06:40 BDT" finished-at="2020-08-02T15:06:49 BDT">
          <reporter-output>
          </reporter-output>
        </test-method> <!-- ClickVideoContent -->
        <test-method status="PASS" signature="LoadContent()[pri:2, instance:pagefactory.com.bongobd.TestVideo@14028087]" name="LoadContent" duration-ms="76" started-at="2020-08-02T15:06:49 BDT" finished-at="2020-08-02T15:06:50 BDT">
          <reporter-output>
          </reporter-output>
        </test-method> <!-- LoadContent -->
        <test-method status="PASS" signature="PlayVideoContent()[pri:3, instance:pagefactory.com.bongobd.TestVideo@14028087]" name="PlayVideoContent" duration-ms="29949" started-at="2020-08-02T15:06:50 BDT" finished-at="2020-08-02T15:07:19 BDT">
          <reporter-output>
          </reporter-output>
        </test-method> <!-- PlayVideoContent -->
        <test-method status="PASS" signature="AfterTest()[pri:0, instance:pagefactory.com.bongobd.TestVideo@14028087]" name="AfterTest" is-config="true" duration-ms="4206" started-at="2020-08-02T15:07:19 BDT" finished-at="2020-08-02T15:07:24 BDT">
          <reporter-output>
          </reporter-output>
        </test-method> <!-- AfterTest -->
      </class> <!-- pagefactory.com.bongobd.TestVideo -->
    </test> <!-- Default test -->
  </suite> <!-- Default suite -->
</testng-results>
